[2026-03-16 04:01:50] [INFO    ] [scan.d9f880957b4b] [Recon] Discovering subdomains for pianistprodigy.com...
[2026-03-16 04:01:50] [INFO    ] [scan.d9f880957b4b] [Recon] Starting subdomain discovery for pianistprodigy.com
[2026-03-16 04:02:02] [INFO    ] [scan.d9f880957b4b] [Recon] subfinder OK (12.7s, 52 bytes)
[2026-03-16 04:02:21] [INFO    ] [scan.d9f880957b4b] [Recon] assetfinder OK (31.8s, 109 bytes)
[2026-03-16 04:02:21] [INFO    ] [scan.d9f880957b4b] [Recon] Done: 2 from subfinder, 5 from assetfinder, 3 unique total.
[2026-03-16 04:02:21] [INFO    ] [scan.d9f880957b4b] [Resolver] Resolving 3 hosts...
[2026-03-16 04:02:22] [INFO    ] [scan.d9f880957b4b] [Resolver] Resolving 3 hosts via dnsx
[2026-03-16 04:02:22] [INFO    ] [scan.d9f880957b4b] [Resolver] dnsx OK (0.2s, 3278 bytes)
[2026-03-16 04:02:22] [INFO    ] [scan.d9f880957b4b] [Resolver] Resolved 3 hosts, 3 unique IPs
[2026-03-16 04:02:22] [INFO    ] [scan.d9f880957b4b] [OriginIP] Detecting origin IPs / CDN bypass...
[2026-03-16 04:02:22] [INFO    ] [scan.d9f880957b4b] [OriginIP] Probing origin IP for pianistprodigy.com
[2026-03-16 04:02:23] [INFO    ] [scan.d9f880957b4b] [OriginIP] Found 3 IPs total. CDN: [], Origin: ['172.67.186.80', '104.21.68.37', '128.199.103.31']
[2026-03-16 04:02:23] [INFO    ] [scan.d9f880957b4b] [PortScan] Scanning ports on 3 hosts...
[2026-03-16 04:02:23] [INFO    ] [scan.d9f880957b4b] [PortScan] Scanning 3 hosts
[2026-03-16 04:02:29] [INFO    ] [scan.d9f880957b4b] [PortScan] naabu OK (5.6s, 3908 bytes)
[2026-03-16 04:02:29] [INFO    ] [scan.d9f880957b4b] [PortScan] 18 open ports found across 3 hosts. Ports: [22, 53, 80, 110, 143, 389, 443, 465, 587, 993, 995, 5222, 5269, 7025, 8443]
[2026-03-16 04:02:29] [INFO    ] [scan.d9f880957b4b] [ServiceScan] Detecting services on 18 open ports...
[2026-03-16 04:02:29] [INFO    ] [scan.d9f880957b4b] [ServiceScan] nmap on 3 target(s), 15 ports
[2026-03-16 04:07:50] [INFO    ] [scan.d9f880957b4b] [ServiceScan] nmap OK (320.6s, 28710 bytes)
[2026-03-16 04:07:50] [INFO    ] [scan.d9f880957b4b] [ServiceScan] Found 20 services, 5 OS matches
[2026-03-16 04:07:50] [INFO    ] [scan.d9f880957b4b] [HTTPProbe] Probing HTTP/HTTPS endpoints...
[2026-03-16 04:07:50] [INFO    ] [scan.d9f880957b4b] [HTTPProbe] Probing 81 URLs
[2026-03-16 04:07:50] [WARNING ] [scan.d9f880957b4b] [HTTPProbe] httpx failed: Usage: httpx [OPTIONS] URL

Error: No such option: -l

[2026-03-16 04:07:50] [INFO    ] [scan.d9f880957b4b] [HTTPProbe] 0 live hosts, tech: [], servers: []
[2026-03-16 04:07:50] [INFO    ] [scan.d9f880957b4b] [VulnScan] Running vuln scan on 0 endpoints...
[2026-03-16 04:07:51] [INFO    ] [scan.d9f880957b4b] [VulnScan] Starting Nuclei + Nikto in parallel
[2026-03-16 04:07:51] [INFO    ] [scan.d9f880957b4b] [VulnScan] Primary URL: https://pianistprodigy.com
[2026-03-16 04:07:51] [WARNING ] [scan.d9f880957b4b] [VulnScan] nuclei failed: 
[2026-03-16 04:07:51] [WARNING ] [scan.d9f880957b4b] [VulnScan] nikto failed: + ERROR: Unable to open '' for write: 
1 at /var/lib/nikto/plugins/nikto_report_text.plugin line 41.

[2026-03-16 04:07:51] [INFO    ] [scan.d9f880957b4b] [VulnScan] Nuclei: 0 findings | Nikto: 0 findings
[2026-03-16 04:07:51] [INFO    ] [scan.d9f880957b4b] [TLSScan] Analyzing TLS configuration for pianistprodigy.com...
[2026-03-16 04:07:51] [INFO    ] [scan.d9f880957b4b] [TLSScan] Analyzing TLS on pianistprodigy.com:443
[2026-03-16 04:07:51] [WARNING ] [scan.d9f880957b4b] [TLSScan] testssl.sh failed: [0;35m/usr/local/bin/testssl.sh: unrecognized option "--no-color"[m

[2026-03-16 04:07:51] [INFO    ] [scan.d9f880957b4b] [Aggregation] Aggregating and normalizing all results...
[2026-03-16 04:07:52] [INFO    ] [scan.d9f880957b4b] [AIAnalysis] Running AI-powered security analysis...
[2026-03-16 04:07:52] [INFO    ] [scan.d9f880957b4b] [Report] Generating professional PDF report...
[2026-03-16 04:07:53] [INFO    ] [scan.d9f880957b4b] [Done] Scan complete in 6m 2s. Report ready.
