[2026-03-18 01:15:36] [INFO    ] [scan.fa336baa1026] [Recon] Discovering subdomains for pianistprodigy.com...
[2026-03-18 01:15:36] [INFO    ] [scan.fa336baa1026] [Recon] Starting subdomain discovery for pianistprodigy.com
[2026-03-18 01:15:38] [INFO    ] [scan.fa336baa1026] [Recon] assetfinder OK (2.2s, 109 bytes)
[2026-03-18 01:15:44] [INFO    ] [scan.fa336baa1026] [Recon] subfinder OK (8.6s, 52 bytes)
[2026-03-18 01:15:44] [INFO    ] [scan.fa336baa1026] [Recon] Done: 2 from subfinder, 5 from assetfinder, 3 unique total.
[2026-03-18 01:15:45] [INFO    ] [scan.fa336baa1026] [Resolver] Resolving 3 hosts...
[2026-03-18 01:15:45] [INFO    ] [scan.fa336baa1026] [Resolver] Resolving 3 hosts via dnsx
[2026-03-18 01:15:46] [INFO    ] [scan.fa336baa1026] [Resolver] dnsx OK (0.6s, 3317 bytes)
[2026-03-18 01:15:46] [INFO    ] [scan.fa336baa1026] [Resolver] Resolved 3 hosts, 3 unique IPs
[2026-03-18 01:15:46] [INFO    ] [scan.fa336baa1026] [OriginIP] Detecting origin IPs / CDN bypass...
[2026-03-18 01:15:46] [INFO    ] [scan.fa336baa1026] [OriginIP] Probing origin IP for pianistprodigy.com
[2026-03-18 01:15:53] [INFO    ] [scan.fa336baa1026] [OriginIP] Found 3 IPs total. CDN: [], Origin: ['104.21.68.37', '172.67.186.80', '128.199.103.31']
[2026-03-18 01:15:53] [INFO    ] [scan.fa336baa1026] [PortScan] Scanning ports on 3 hosts...
[2026-03-18 01:15:53] [INFO    ] [scan.fa336baa1026] [PortScan] Scanning 3 hosts
[2026-03-18 01:15:59] [INFO    ] [scan.fa336baa1026] [PortScan] naabu OK (5.9s, 3909 bytes)
[2026-03-18 01:15:59] [INFO    ] [scan.fa336baa1026] [PortScan] 18 open ports found across 3 hosts. Ports: [22, 53, 80, 110, 143, 389, 443, 465, 587, 993, 995, 5222, 5269, 7025, 8443]
[2026-03-18 01:15:59] [INFO    ] [scan.fa336baa1026] [ServiceScan] Detecting services on 18 open ports...
[2026-03-18 01:15:59] [INFO    ] [scan.fa336baa1026] [ServiceScan] nmap on 3 target(s), 15 ports
[2026-03-18 01:20:35] [INFO    ] [scan.fa336baa1026] [ServiceScan] nmap OK (275.3s, 18450 bytes)
[2026-03-18 01:20:35] [INFO    ] [scan.fa336baa1026] [ServiceScan] Found 20 services, 5 OS matches
[2026-03-18 01:20:35] [INFO    ] [scan.fa336baa1026] [HTTPProbe] Probing HTTP/HTTPS endpoints...
[2026-03-18 01:20:35] [INFO    ] [scan.fa336baa1026] [HTTPProbe] Probing 81 URLs
[2026-03-18 01:20:35] [WARNING ] [scan.fa336baa1026] [HTTPProbe] Compatible ProjectDiscovery httpx not found — using curl fallback
[2026-03-18 01:20:45] [INFO    ] [scan.fa336baa1026] [HTTPProbe] 0 live hosts, tech: [], servers: []
[2026-03-18 01:20:45] [INFO    ] [scan.fa336baa1026] [VulnScan] Running vuln scan on 0 endpoints...
[2026-03-18 01:20:46] [INFO    ] [scan.fa336baa1026] [VulnScan] Starting Nuclei + Nikto in parallel
[2026-03-18 01:20:46] [INFO    ] [scan.fa336baa1026] [VulnScan] Primary URL: https://pianistprodigy.com
[2026-03-18 01:20:46] [INFO    ] [scan.fa336baa1026] [VulnScan] nikto OK (0.5s, 234 bytes)
[2026-03-18 01:20:47] [WARNING ] [scan.fa336baa1026] [VulnScan] nuclei failed: 
[2026-03-18 01:20:47] [INFO    ] [scan.fa336baa1026] [VulnScan] Nuclei: 0 findings | Nikto: 1 findings
[2026-03-18 01:20:47] [INFO    ] [scan.fa336baa1026] [TLSScan] Analyzing TLS configuration for pianistprodigy.com...
[2026-03-18 01:20:47] [INFO    ] [scan.fa336baa1026] [TLSScan] Analyzing TLS on pianistprodigy.com:443
[2026-03-18 01:22:27] [INFO    ] [scan.fa336baa1026] [TLSScan] testssl.sh OK (99.9s, 27980 bytes)
[2026-03-18 01:22:27] [INFO    ] [scan.fa336baa1026] [TLSScan] 25 TLS findings
[2026-03-18 01:22:27] [INFO    ] [scan.fa336baa1026] [Aggregation] Aggregating and normalizing all results...
[2026-03-18 01:22:27] [INFO    ] [scan.fa336baa1026] [AIAnalysis] Running AI-powered security analysis...
[2026-03-18 01:22:31] [INFO    ] [scan.fa336baa1026] [Report] Generating professional PDF report...
[2026-03-18 01:22:32] [INFO    ] [scan.fa336baa1026] [Done] Scan complete in 6m 55s. Report ready.
