[2026-03-17 07:28:43] [INFO    ] [scan.81fe7ea87613] [Recon] Discovering subdomains for naren.web.id...
[2026-03-17 07:28:43] [INFO    ] [scan.81fe7ea87613] [Recon] Starting subdomain discovery for naren.web.id
[2026-03-17 07:28:45] [INFO    ] [scan.81fe7ea87613] [Recon] subfinder OK (2.1s, 17 bytes)
[2026-03-17 07:28:46] [INFO    ] [scan.81fe7ea87613] [Recon] assetfinder OK (2.8s, 56 bytes)
[2026-03-17 07:28:46] [INFO    ] [scan.81fe7ea87613] [Recon] Done: 1 from subfinder, 4 from assetfinder, 2 unique total.
[2026-03-17 07:28:46] [INFO    ] [scan.81fe7ea87613] [Resolver] Resolving 2 hosts...
[2026-03-17 07:28:46] [INFO    ] [scan.81fe7ea87613] [Resolver] Resolving 2 hosts via dnsx
[2026-03-17 07:28:48] [INFO    ] [scan.81fe7ea87613] [Resolver] dnsx OK (2.2s, 2107 bytes)
[2026-03-17 07:28:48] [INFO    ] [scan.81fe7ea87613] [Resolver] Resolved 2 hosts, 1 unique IPs
[2026-03-17 07:28:48] [INFO    ] [scan.81fe7ea87613] [OriginIP] Detecting origin IPs / CDN bypass...
[2026-03-17 07:28:48] [INFO    ] [scan.81fe7ea87613] [OriginIP] Probing origin IP for naren.web.id
[2026-03-17 07:28:58] [INFO    ] [scan.81fe7ea87613] [OriginIP] Found 1 IPs total. CDN: [], Origin: ['216.198.79.1']
[2026-03-17 07:28:58] [INFO    ] [scan.81fe7ea87613] [PortScan] Scanning ports on 1 hosts...
[2026-03-17 07:28:58] [INFO    ] [scan.81fe7ea87613] [PortScan] Scanning 1 hosts
[2026-03-17 07:29:04] [INFO    ] [scan.81fe7ea87613] [PortScan] naabu OK (5.7s, 215754 bytes)
[2026-03-17 07:29:04] [INFO    ] [scan.81fe7ea87613] [PortScan] 1000 open ports found across 1 hosts. Ports: [1, 3, 4, 6, 7, 9, 13, 17, 19, 20, 21, 22, 23, 24, 26, 30, 32, 33, 37, 42]
[2026-03-17 07:29:04] [INFO    ] [scan.81fe7ea87613] [ServiceScan] Detecting services on 1000 open ports...
[2026-03-17 07:29:05] [INFO    ] [scan.81fe7ea87613] [ServiceScan] nmap on 1 target(s), 50 ports
[2026-03-17 07:29:05] [WARNING ] [scan.81fe7ea87613] [ServiceScan] nmap failed: TCP/IP fingerprinting (for OS scan) requires root privileges.
QUITTING!

[2026-03-17 07:29:05] [INFO    ] [scan.81fe7ea87613] [ServiceScan] Found 0 services, 0 OS matches
[2026-03-17 07:29:05] [INFO    ] [scan.81fe7ea87613] [HTTPProbe] Probing HTTP/HTTPS endpoints...
[2026-03-17 07:29:05] [INFO    ] [scan.81fe7ea87613] [HTTPProbe] Probing 3976 URLs
