[2026-03-16 04:48:33] [INFO    ] [scan.d87f93408fa9] [Recon] Discovering subdomains for yovela-trading.com...
[2026-03-16 04:48:33] [INFO    ] [scan.d87f93408fa9] [Recon] Starting subdomain discovery for yovela-trading.com
[2026-03-16 04:48:34] [INFO    ] [scan.d87f93408fa9] [Recon] assetfinder OK (0.7s, 38 bytes)
[2026-03-16 04:48:38] [INFO    ] [scan.d87f93408fa9] [Recon] subfinder OK (4.9s, 24 bytes)
[2026-03-16 04:48:38] [INFO    ] [scan.d87f93408fa9] [Recon] Done: 1 from subfinder, 2 from assetfinder, 2 unique total.
[2026-03-16 04:48:38] [INFO    ] [scan.d87f93408fa9] [Resolver] Resolving 2 hosts...
[2026-03-16 04:48:39] [INFO    ] [scan.d87f93408fa9] [Resolver] Resolving 2 hosts via dnsx
[2026-03-16 04:48:39] [INFO    ] [scan.d87f93408fa9] [Resolver] dnsx OK (0.3s, 2391 bytes)
[2026-03-16 04:48:39] [INFO    ] [scan.d87f93408fa9] [Resolver] Resolved 2 hosts, 2 unique IPs
[2026-03-16 04:48:39] [INFO    ] [scan.d87f93408fa9] [OriginIP] Detecting origin IPs / CDN bypass...
[2026-03-16 04:48:39] [INFO    ] [scan.d87f93408fa9] [OriginIP] Probing origin IP for yovela-trading.com
[2026-03-16 04:48:40] [INFO    ] [scan.d87f93408fa9] [OriginIP] Found 2 IPs total. CDN: [], Origin: ['172.67.171.117', '104.21.29.108']
[2026-03-16 04:48:40] [INFO    ] [scan.d87f93408fa9] [PortScan] Scanning ports on 2 hosts...
[2026-03-16 04:48:40] [INFO    ] [scan.d87f93408fa9] [PortScan] Scanning 2 hosts
[2026-03-16 04:48:42] [INFO    ] [scan.d87f93408fa9] [PortScan] naabu OK (2.4s, 863 bytes)
[2026-03-16 04:48:42] [INFO    ] [scan.d87f93408fa9] [PortScan] 4 open ports found across 2 hosts. Ports: [80, 443]
[2026-03-16 04:48:42] [INFO    ] [scan.d87f93408fa9] [ServiceScan] Detecting services on 4 open ports...
[2026-03-16 04:48:43] [INFO    ] [scan.d87f93408fa9] [ServiceScan] nmap on 2 target(s), 2 ports
[2026-03-16 04:49:08] [INFO    ] [scan.d87f93408fa9] [ServiceScan] nmap OK (25.9s, 1406 bytes)
[2026-03-16 04:49:08] [INFO    ] [scan.d87f93408fa9] [ServiceScan] Found 4 services, 0 OS matches
[2026-03-16 04:49:08] [INFO    ] [scan.d87f93408fa9] [HTTPProbe] Probing HTTP/HTTPS endpoints...
[2026-03-16 04:49:09] [INFO    ] [scan.d87f93408fa9] [HTTPProbe] Probing 4 URLs
[2026-03-16 04:49:09] [WARNING ] [scan.d87f93408fa9] [HTTPProbe] httpx failed: Usage: httpx [OPTIONS] URL

Error: No such option: -l

[2026-03-16 04:49:09] [INFO    ] [scan.d87f93408fa9] [HTTPProbe] 0 live hosts, tech: [], servers: []
[2026-03-16 04:49:09] [INFO    ] [scan.d87f93408fa9] [VulnScan] Running vuln scan on 0 endpoints...
[2026-03-16 04:49:09] [INFO    ] [scan.d87f93408fa9] [VulnScan] Starting Nuclei + Nikto in parallel
[2026-03-16 04:49:09] [INFO    ] [scan.d87f93408fa9] [VulnScan] Primary URL: https://yovela-trading.com
[2026-03-16 04:49:10] [WARNING ] [scan.d87f93408fa9] [VulnScan] nikto failed: + ERROR: Unable to open '' for write: 
1 at /var/lib/nikto/plugins/nikto_report_text.plugin line 41.

[2026-03-16 04:49:10] [WARNING ] [scan.d87f93408fa9] [VulnScan] nuclei failed: 
[2026-03-16 04:49:10] [INFO    ] [scan.d87f93408fa9] [VulnScan] Nuclei: 0 findings | Nikto: 0 findings
[2026-03-16 04:49:10] [INFO    ] [scan.d87f93408fa9] [TLSScan] Analyzing TLS configuration for yovela-trading.com...
[2026-03-16 04:49:10] [INFO    ] [scan.d87f93408fa9] [TLSScan] Analyzing TLS on yovela-trading.com:443
[2026-03-16 04:50:48] [INFO    ] [scan.d87f93408fa9] [TLSScan] testssl.sh OK (98.1s, 27890 bytes)
[2026-03-16 04:50:48] [INFO    ] [scan.d87f93408fa9] [TLSScan] 0 TLS findings
[2026-03-16 04:50:48] [INFO    ] [scan.d87f93408fa9] [Aggregation] Aggregating and normalizing all results...
[2026-03-16 04:50:49] [INFO    ] [scan.d87f93408fa9] [AIAnalysis] Running AI-powered security analysis...
[2026-03-16 04:50:49] [INFO    ] [scan.d87f93408fa9] [Report] Generating professional PDF report...
[2026-03-16 04:50:49] [INFO    ] [scan.d87f93408fa9] [Done] Scan complete in 2m 15s. Report ready.
