[2026-03-16 04:27:59] [INFO    ] [scan.805a98dceb03] [Recon] Discovering subdomains for pianistprodigy.com...
[2026-03-16 04:27:59] [INFO    ] [scan.805a98dceb03] [Recon] Starting subdomain discovery for pianistprodigy.com
[2026-03-16 04:28:04] [INFO    ] [scan.805a98dceb03] [Recon] assetfinder OK (4.8s, 109 bytes)
[2026-03-16 04:28:04] [INFO    ] [scan.805a98dceb03] [Recon] subfinder OK (4.8s, 52 bytes)
[2026-03-16 04:28:04] [INFO    ] [scan.805a98dceb03] [Recon] Done: 2 from subfinder, 5 from assetfinder, 3 unique total.
[2026-03-16 04:28:04] [INFO    ] [scan.805a98dceb03] [Resolver] Resolving 3 hosts...
[2026-03-16 04:28:04] [INFO    ] [scan.805a98dceb03] [Resolver] Resolving 3 hosts via dnsx
[2026-03-16 04:28:04] [INFO    ] [scan.805a98dceb03] [Resolver] dnsx OK (0.2s, 3368 bytes)
[2026-03-16 04:28:04] [INFO    ] [scan.805a98dceb03] [Resolver] Resolved 3 hosts, 3 unique IPs
[2026-03-16 04:28:04] [INFO    ] [scan.805a98dceb03] [OriginIP] Detecting origin IPs / CDN bypass...
[2026-03-16 04:28:04] [INFO    ] [scan.805a98dceb03] [OriginIP] Probing origin IP for pianistprodigy.com
[2026-03-16 04:28:19] [INFO    ] [scan.805a98dceb03] [OriginIP] Found 3 IPs total. CDN: [], Origin: ['104.21.68.37', '172.67.186.80', '128.199.103.31']
[2026-03-16 04:28:19] [INFO    ] [scan.805a98dceb03] [PortScan] Scanning ports on 3 hosts...
[2026-03-16 04:28:19] [INFO    ] [scan.805a98dceb03] [PortScan] Scanning 3 hosts
[2026-03-16 04:28:25] [INFO    ] [scan.805a98dceb03] [PortScan] naabu OK (5.7s, 4015 bytes)
[2026-03-16 04:28:25] [INFO    ] [scan.805a98dceb03] [PortScan] 18 open ports found across 3 hosts. Ports: [22, 53, 80, 110, 143, 389, 443, 465, 587, 993, 995, 5222, 5269, 7025, 8443]
[2026-03-16 04:28:25] [INFO    ] [scan.805a98dceb03] [ServiceScan] Detecting services on 18 open ports...
[2026-03-16 04:28:26] [INFO    ] [scan.805a98dceb03] [ServiceScan] nmap on 3 target(s), 15 ports
[2026-03-16 04:31:45] [WARNING ] [scan.805a98dceb03] [ServiceScan] nmap failed: NSOCK INFO [197.7650s] nsock_trace_handler_callback(): Callback: WRITE SUCCESS for EID 3531 [128.199.103.31:465]
NSOCK INFO [197.7980s] nsock_trace_handler_callback(): Callback: READ SUCCESS for EID 3
[2026-03-16 04:31:45] [INFO    ] [scan.805a98dceb03] [ServiceScan] Found 0 services, 0 OS matches
[2026-03-16 04:31:45] [INFO    ] [scan.805a98dceb03] [HTTPProbe] Probing HTTP/HTTPS endpoints...
[2026-03-16 04:31:45] [INFO    ] [scan.805a98dceb03] [HTTPProbe] Probing 81 URLs
