[2026-03-16 04:16:36] [INFO    ] [scan.da9af827b9c4] [Recon] Discovering subdomains for pianistprodigy.com...
[2026-03-16 04:16:36] [INFO    ] [scan.da9af827b9c4] [Recon] Starting subdomain discovery for pianistprodigy.com
[2026-03-16 04:16:40] [INFO    ] [scan.da9af827b9c4] [Recon] assetfinder OK (4.2s, 109 bytes)
[2026-03-16 04:17:16] [INFO    ] [scan.da9af827b9c4] [Recon] subfinder OK (40.2s, 52 bytes)
[2026-03-16 04:17:16] [INFO    ] [scan.da9af827b9c4] [Recon] Done: 2 from subfinder, 5 from assetfinder, 3 unique total.
[2026-03-16 04:17:16] [INFO    ] [scan.da9af827b9c4] [Resolver] Resolving 3 hosts...
[2026-03-16 04:17:17] [INFO    ] [scan.da9af827b9c4] [Resolver] Resolving 3 hosts via dnsx
[2026-03-16 04:17:17] [INFO    ] [scan.da9af827b9c4] [Resolver] dnsx OK (0.5s, 3225 bytes)
[2026-03-16 04:17:17] [INFO    ] [scan.da9af827b9c4] [Resolver] Resolved 3 hosts, 3 unique IPs
[2026-03-16 04:17:17] [INFO    ] [scan.da9af827b9c4] [OriginIP] Detecting origin IPs / CDN bypass...
[2026-03-16 04:17:17] [INFO    ] [scan.da9af827b9c4] [OriginIP] Probing origin IP for pianistprodigy.com
[2026-03-16 04:17:33] [INFO    ] [scan.da9af827b9c4] [OriginIP] Found 3 IPs total. CDN: [], Origin: ['104.21.68.37', '172.67.186.80', '128.199.103.31']
[2026-03-16 04:17:33] [INFO    ] [scan.da9af827b9c4] [PortScan] Scanning ports on 3 hosts...
[2026-03-16 04:17:33] [INFO    ] [scan.da9af827b9c4] [PortScan] Scanning 3 hosts
[2026-03-16 04:17:39] [INFO    ] [scan.da9af827b9c4] [PortScan] naabu OK (5.9s, 3909 bytes)
[2026-03-16 04:17:39] [INFO    ] [scan.da9af827b9c4] [PortScan] 18 open ports found across 3 hosts. Ports: [22, 53, 80, 110, 143, 389, 443, 465, 587, 993, 995, 5222, 5269, 7025, 8443]
[2026-03-16 04:17:39] [INFO    ] [scan.da9af827b9c4] [ServiceScan] Detecting services on 18 open ports...
[2026-03-16 04:17:39] [INFO    ] [scan.da9af827b9c4] [ServiceScan] nmap on 3 target(s), 15 ports
[2026-03-16 04:22:59] [INFO    ] [scan.da9af827b9c4] [ServiceScan] nmap OK (320.1s, 15689305 bytes)
[2026-03-16 04:22:59] [INFO    ] [scan.da9af827b9c4] [ServiceScan] Found 20 services, 5 OS matches
[2026-03-16 04:22:59] [INFO    ] [scan.da9af827b9c4] [HTTPProbe] Probing HTTP/HTTPS endpoints...
[2026-03-16 04:23:00] [INFO    ] [scan.da9af827b9c4] [HTTPProbe] Probing 81 URLs
[2026-03-16 04:23:00] [WARNING ] [scan.da9af827b9c4] [HTTPProbe] httpx failed: Usage: httpx [OPTIONS] URL

Error: No such option: -l

[2026-03-16 04:23:00] [INFO    ] [scan.da9af827b9c4] [HTTPProbe] 0 live hosts, tech: [], servers: []
[2026-03-16 04:23:00] [INFO    ] [scan.da9af827b9c4] [VulnScan] Running vuln scan on 0 endpoints...
[2026-03-16 04:23:00] [INFO    ] [scan.da9af827b9c4] [VulnScan] Starting Nuclei + Nikto in parallel
[2026-03-16 04:23:00] [INFO    ] [scan.da9af827b9c4] [VulnScan] Primary URL: https://pianistprodigy.com
[2026-03-16 04:23:01] [WARNING ] [scan.da9af827b9c4] [VulnScan] nikto failed: + ERROR: Unable to open '' for write: 
1 at /var/lib/nikto/plugins/nikto_report_text.plugin line 41.

[2026-03-16 04:23:01] [WARNING ] [scan.da9af827b9c4] [VulnScan] nuclei failed: 
[2026-03-16 04:23:01] [INFO    ] [scan.da9af827b9c4] [VulnScan] Nuclei: 0 findings | Nikto: 0 findings
[2026-03-16 04:23:01] [INFO    ] [scan.da9af827b9c4] [TLSScan] Analyzing TLS configuration for pianistprodigy.com...
[2026-03-16 04:23:02] [INFO    ] [scan.da9af827b9c4] [TLSScan] Analyzing TLS on pianistprodigy.com:443
[2026-03-16 04:23:02] [WARNING ] [scan.da9af827b9c4] [TLSScan] testssl.sh failed: [0;35m/usr/local/bin/testssl.sh: unrecognized option "--no-color"[m

[2026-03-16 04:23:02] [INFO    ] [scan.da9af827b9c4] [Aggregation] Aggregating and normalizing all results...
[2026-03-16 04:23:02] [INFO    ] [scan.da9af827b9c4] [AIAnalysis] Running AI-powered security analysis...
[2026-03-16 04:23:02] [INFO    ] [scan.da9af827b9c4] [Report] Generating professional PDF report...
[2026-03-16 04:23:03] [INFO    ] [scan.da9af827b9c4] [Done] Scan complete in 6m 26s. Report ready.
