[2026-03-16 12:48:58] [INFO    ] [scan.5b159ac8c26e] [Recon] Discovering subdomains for yovela-trading.com...
[2026-03-16 12:48:58] [INFO    ] [scan.5b159ac8c26e] [Recon] Starting subdomain discovery for yovela-trading.com
[2026-03-16 12:49:10] [INFO    ] [scan.5b159ac8c26e] [Recon] assetfinder OK (12.1s, 57 bytes)
[2026-03-16 12:49:23] [INFO    ] [scan.5b159ac8c26e] [Recon] subfinder OK (25.1s, 24 bytes)
[2026-03-16 12:49:24] [INFO    ] [scan.5b159ac8c26e] [Recon] Done: 1 from subfinder, 3 from assetfinder, 2 unique total.
[2026-03-16 12:49:24] [INFO    ] [scan.5b159ac8c26e] [Resolver] Resolving 2 hosts...
[2026-03-16 12:49:24] [INFO    ] [scan.5b159ac8c26e] [Resolver] Resolving 2 hosts via dnsx
[2026-03-16 12:49:25] [INFO    ] [scan.5b159ac8c26e] [Resolver] dnsx OK (0.6s, 2260 bytes)
[2026-03-16 12:49:25] [INFO    ] [scan.5b159ac8c26e] [Resolver] Resolved 2 hosts, 2 unique IPs
[2026-03-16 12:49:25] [INFO    ] [scan.5b159ac8c26e] [OriginIP] Detecting origin IPs / CDN bypass...
[2026-03-16 12:49:25] [INFO    ] [scan.5b159ac8c26e] [OriginIP] Probing origin IP for yovela-trading.com
[2026-03-16 12:49:31] [INFO    ] [scan.5b159ac8c26e] [OriginIP] Found 2 IPs total. CDN: [], Origin: ['172.67.171.117', '104.21.29.108']
[2026-03-16 12:49:31] [INFO    ] [scan.5b159ac8c26e] [PortScan] Scanning ports on 2 hosts...
[2026-03-16 12:49:32] [INFO    ] [scan.5b159ac8c26e] [PortScan] Scanning 2 hosts
[2026-03-16 12:49:35] [INFO    ] [scan.5b159ac8c26e] [PortScan] naabu OK (2.7s, 972 bytes)
[2026-03-16 12:49:35] [INFO    ] [scan.5b159ac8c26e] [PortScan] 4 open ports found across 2 hosts. Ports: [80, 443]
[2026-03-16 12:49:35] [INFO    ] [scan.5b159ac8c26e] [ServiceScan] Detecting services on 4 open ports...
[2026-03-16 12:49:35] [INFO    ] [scan.5b159ac8c26e] [ServiceScan] nmap on 2 target(s), 2 ports
[2026-03-16 12:50:02] [INFO    ] [scan.5b159ac8c26e] [ServiceScan] nmap OK (26.8s, 1406 bytes)
[2026-03-16 12:50:02] [INFO    ] [scan.5b159ac8c26e] [ServiceScan] Found 4 services, 0 OS matches
[2026-03-16 12:50:02] [INFO    ] [scan.5b159ac8c26e] [HTTPProbe] Probing HTTP/HTTPS endpoints...
[2026-03-16 12:50:02] [INFO    ] [scan.5b159ac8c26e] [HTTPProbe] Probing 4 URLs
[2026-03-16 12:50:03] [WARNING ] [scan.5b159ac8c26e] [HTTPProbe] httpx failed: Usage: httpx [OPTIONS] URL

Error: No such option: -l

[2026-03-16 12:50:03] [INFO    ] [scan.5b159ac8c26e] [HTTPProbe] 0 live hosts, tech: [], servers: []
[2026-03-16 12:50:03] [INFO    ] [scan.5b159ac8c26e] [VulnScan] Running vuln scan on 0 endpoints...
[2026-03-16 12:50:03] [INFO    ] [scan.5b159ac8c26e] [VulnScan] Starting Nuclei + Nikto in parallel
[2026-03-16 12:50:03] [INFO    ] [scan.5b159ac8c26e] [VulnScan] Primary URL: https://yovela-trading.com
[2026-03-16 12:50:03] [WARNING ] [scan.5b159ac8c26e] [VulnScan] nikto failed: + ERROR: Unable to open '' for write: 
1 at /var/lib/nikto/plugins/nikto_report_text.plugin line 41.

[2026-03-16 12:50:04] [WARNING ] [scan.5b159ac8c26e] [VulnScan] nuclei failed: 
[2026-03-16 12:50:04] [INFO    ] [scan.5b159ac8c26e] [VulnScan] Nuclei: 0 findings | Nikto: 0 findings
[2026-03-16 12:50:04] [INFO    ] [scan.5b159ac8c26e] [TLSScan] Analyzing TLS configuration for yovela-trading.com...
[2026-03-16 12:50:04] [INFO    ] [scan.5b159ac8c26e] [TLSScan] Analyzing TLS on yovela-trading.com:443
[2026-03-16 12:52:07] [INFO    ] [scan.5b159ac8c26e] [TLSScan] testssl.sh OK (122.3s, 27609 bytes)
[2026-03-16 12:52:07] [INFO    ] [scan.5b159ac8c26e] [TLSScan] 0 TLS findings
[2026-03-16 12:52:07] [INFO    ] [scan.5b159ac8c26e] [Aggregation] Aggregating and normalizing all results...
[2026-03-16 12:52:07] [INFO    ] [scan.5b159ac8c26e] [AIAnalysis] Running AI-powered security analysis...
[2026-03-16 12:52:07] [INFO    ] [scan.5b159ac8c26e] [Report] Generating professional PDF report...
[2026-03-16 12:52:08] [INFO    ] [scan.5b159ac8c26e] [Done] Scan complete in 3m 9s. Report ready.
